Traceback (most recent call last):
  File "/home/runner/work/geost/geost/.pixi/envs/default/lib/python3.13/site-packages/jupyter_cache/executors/utils.py", line 58, in single_nb_execution
    executenb(
    ~~~~~~~~~^
        nb,
        ^^^
    ...<4 lines>...
        **kwargs,
        ^^^^^^^^^
    )
    ^
  File "/home/runner/work/geost/geost/.pixi/envs/default/lib/python3.13/site-packages/nbclient/client.py", line 1319, in execute
    return NotebookClient(nb=nb, resources=resources, km=km, **kwargs).execute()
           ~~~~~~~~~~~~~~~~~~~~~~~~~~~~~~~~~~~~~~~~~~~~~~~~~~~~~~~~~~~~~~~~~~~^^
  File "/home/runner/work/geost/geost/.pixi/envs/default/lib/python3.13/site-packages/jupyter_core/utils/__init__.py", line 165, in wrapped
    return loop.run_until_complete(inner)
           ~~~~~~~~~~~~~~~~~~~~~~~^^^^^^^
  File "/home/runner/work/geost/geost/.pixi/envs/default/lib/python3.13/asyncio/base_events.py", line 725, in run_until_complete
    return future.result()
           ~~~~~~~~~~~~~^^
  File "/home/runner/work/geost/geost/.pixi/envs/default/lib/python3.13/site-packages/nbclient/client.py", line 709, in async_execute
    await self.async_execute_cell(
        cell, index, execution_count=self.code_cells_executed + 1
    )
  File "/home/runner/work/geost/geost/.pixi/envs/default/lib/python3.13/site-packages/nbclient/client.py", line 1062, in async_execute_cell
    await self._check_raise_for_error(cell, cell_index, exec_reply)
  File "/home/runner/work/geost/geost/.pixi/envs/default/lib/python3.13/site-packages/nbclient/client.py", line 918, in _check_raise_for_error
    raise CellExecutionError.from_cell_and_msg(cell, exec_reply_content)
nbclient.exceptions.CellExecutionError: An error occurred while executing the following cell:
------------------
# The boreholes are converted to an unstructured grid of the lithology data. The borehole
# geometries are given a radius of 10 meters.
boreholes_usp_pyvista = boreholes_usp.to_pyvista_grid("lith", radius=10)

# The GeoTOP model is converted to an structured grid of the stratigraphy data
geotop_usp_pyvista = geotop_usp.to_pyvista_grid("strat")

# Let's see what we've got
print("Boreholes PyVista grid:\n", boreholes_usp_pyvista)
print("\n")
print("GeoTOP PyVista grid:\n", geotop_usp_pyvista)
------------------


[31m---------------------------------------------------------------------------[39m
[31mAttributeError[39m                            Traceback (most recent call last)
[32m/tmp/ipykernel_4098/2111569231.py[39m in [36m?[39m[34m()[39m
[32m      1[39m [38;5;66;03m# The boreholes are converted to an unstructured grid of the lithology data. The borehole[39;00m
[32m      2[39m [38;5;66;03m# geometries are given a radius of 10 meters.[39;00m
[32m----> [39m[32m3[39m boreholes_usp_pyvista = boreholes_usp.to_pyvista_grid([33m"lith"[39m, radius=[32m10[39m)
[32m      4[39m 
[32m      5[39m [38;5;66;03m# The GeoTOP model is converted to an structured grid of the stratigraphy data[39;00m
[32m      6[39m geotop_usp_pyvista = geotop_usp.to_pyvista_grid([33m"strat"[39m)

[32m~/work/geost/geost/geost/base.py[39m in [36m?[39m[34m(self, displayed_variables, radius)[39m
[32m    995[39m         pyvista.UniformGrid
[32m    996[39m             A grid [38;5;28;01mclass[39;00m holding the data which can be iterated over.
[32m    997[39m 
[32m    998[39m         """
[32m--> [39m[32m999[39m         [38;5;28;01mreturn[39;00m self.data.to_pyvista_grid(displayed_variables, radius)

[32m~/work/geost/geost/.pixi/envs/default/lib/python3.13/site-packages/pandas/core/generic.py[39m in [36m?[39m[34m(self, name)[39m
[32m   6317[39m             [38;5;28;01mand[39;00m name [38;5;28;01mnot[39;00m [38;5;28;01min[39;00m self._accessors
[32m   6318[39m             [38;5;28;01mand[39;00m self._info_axis._can_hold_identifiers_and_holds_name(name)
[32m   6319[39m         ):
[32m   6320[39m             [38;5;28;01mreturn[39;00m self[name]
[32m-> [39m[32m6321[39m         [38;5;28;01mreturn[39;00m object.__getattribute__(self, name)

[31mAttributeError[39m: 'DataFrame' object has no attribute 'to_pyvista_grid'

