Traceback (most recent call last):
  File "/home/runner/work/geost/geost/.pixi/envs/default/lib/python3.13/site-packages/jupyter_cache/executors/utils.py", line 58, in single_nb_execution
    executenb(
    ~~~~~~~~~^
        nb,
        ^^^
    ...<4 lines>...
        **kwargs,
        ^^^^^^^^^
    )
    ^
  File "/home/runner/work/geost/geost/.pixi/envs/default/lib/python3.13/site-packages/nbclient/client.py", line 1319, in execute
    return NotebookClient(nb=nb, resources=resources, km=km, **kwargs).execute()
           ~~~~~~~~~~~~~~~~~~~~~~~~~~~~~~~~~~~~~~~~~~~~~~~~~~~~~~~~~~~~~~~~~~~^^
  File "/home/runner/work/geost/geost/.pixi/envs/default/lib/python3.13/site-packages/jupyter_core/utils/__init__.py", line 165, in wrapped
    return loop.run_until_complete(inner)
           ~~~~~~~~~~~~~~~~~~~~~~~^^^^^^^
  File "/home/runner/work/geost/geost/.pixi/envs/default/lib/python3.13/asyncio/base_events.py", line 725, in run_until_complete
    return future.result()
           ~~~~~~~~~~~~~^^
  File "/home/runner/work/geost/geost/.pixi/envs/default/lib/python3.13/site-packages/nbclient/client.py", line 709, in async_execute
    await self.async_execute_cell(
        cell, index, execution_count=self.code_cells_executed + 1
    )
  File "/home/runner/work/geost/geost/.pixi/envs/default/lib/python3.13/site-packages/nbclient/client.py", line 1062, in async_execute_cell
    await self._check_raise_for_error(cell, cell_index, exec_reply)
  File "/home/runner/work/geost/geost/.pixi/envs/default/lib/python3.13/site-packages/nbclient/client.py", line 918, in _check_raise_for_error
    raise CellExecutionError.from_cell_and_msg(cell, exec_reply_content)
nbclient.exceptions.CellExecutionError: An error occurred while executing the following cell:
------------------
# import seaborn as sns
from matplotlib import pyplot as plt

import geost
from geost.analysis.combine import add_voxelmodel_variable
from geost.bro import GeoTop
from geost.bro.bro_geotop import StratGeotop

cpts = geost.data.cpts_usp()
cpts.header.explore(style_kwds=dict(color="red", weight=6))
------------------

----- stderr -----
Downloading file 'cpts_usp.parquet' from 'https://github.com/Deltares-research/geost/raw/main/data/cpts_usp.parquet' to '/home/runner/.cache/geost'.
------------------

[31m---------------------------------------------------------------------------[39m
[31mValueError[39m                                Traceback (most recent call last)
[36mCell[39m[36m [39m[32mIn[1][39m[32m, line 9[39m
[32m      6[39m [38;5;28;01mfrom[39;00m[38;5;250m [39m[34;01mgeost[39;00m[34;01m.[39;00m[34;01mbro[39;00m[38;5;250m [39m[38;5;28;01mimport[39;00m GeoTop
[32m      7[39m [38;5;28;01mfrom[39;00m[38;5;250m [39m[34;01mgeost[39;00m[34;01m.[39;00m[34;01mbro[39;00m[34;01m.[39;00m[34;01mbro_geotop[39;00m[38;5;250m [39m[38;5;28;01mimport[39;00m StratGeotop
[32m----> [39m[32m9[39m cpts = [43mgeost[49m[43m.[49m[43mdata[49m[43m.[49m[43mcpts_usp[49m[43m([49m[43m)[49m
[32m     10[39m cpts.header.explore(style_kwds=[38;5;28mdict[39m(color=[33m"[39m[33mred[39m[33m"[39m, weight=[32m6[39m))

[36mFile [39m[32m~/work/geost/geost/geost/data/sample_data.py:60[39m, in [36mcpts_usp[39m[34m(pandas)[39m
[32m     44[39m [38;5;28;01mdef[39;00m[38;5;250m [39m[34mcpts_usp[39m(pandas=[38;5;28;01mFalse[39;00m):
[32m     45[39m [38;5;250m    [39m[33;03m"""[39;00m
[32m     46[39m [33;03m    Return a :class:`~geost.base.CptCollection` with a selection of BROloket CPTs in the[39;00m
[32m     47[39m [33;03m    area of the Utrecht Science Park to use in GeoST tutorials.[39;00m
[32m   (...)[39m[32m     58[39m 
[32m     59[39m [33;03m    """[39;00m
[32m---> [39m[32m60[39m     filename = [43mREGISTRY[49m[43m.[49m[43mfetch[49m[43m([49m[33;43m"[39;49m[33;43mcpts_usp.parquet[39;49m[33;43m"[39;49m[43m)[49m
[32m     61[39m     [38;5;28;01mif[39;00m pandas:
[32m     62[39m         [38;5;28;01mreturn[39;00m pd.read_parquet(filename)

[36mFile [39m[32m~/work/geost/geost/.pixi/envs/default/lib/python3.13/site-packages/pooch/core.py:589[39m, in [36mPooch.fetch[39m[34m(self, fname, processor, downloader, progressbar)[39m
[32m    586[39m     [38;5;28;01mif[39;00m downloader [38;5;129;01mis[39;00m [38;5;28;01mNone[39;00m:
[32m    587[39m         downloader = choose_downloader(url, progressbar=progressbar)
[32m--> [39m[32m589[39m     [43mstream_download[49m[43m([49m
[32m    590[39m [43m        [49m[43murl[49m[43m,[49m
[32m    591[39m [43m        [49m[43mfull_path[49m[43m,[49m
[32m    592[39m [43m        [49m[43mknown_hash[49m[43m,[49m
[32m    593[39m [43m        [49m[43mdownloader[49m[43m,[49m
[32m    594[39m [43m        [49m[43mpooch[49m[43m=[49m[38;5;28;43mself[39;49m[43m,[49m
[32m    595[39m [43m        [49m[43mretry_if_failed[49m[43m=[49m[38;5;28;43mself[39;49m[43m.[49m[43mretry_if_failed[49m[43m,[49m
[32m    596[39m [43m    [49m[43m)[49m
[32m    598[39m [38;5;28;01mif[39;00m processor [38;5;129;01mis[39;00m [38;5;129;01mnot[39;00m [38;5;28;01mNone[39;00m:
[32m    599[39m     [38;5;28;01mreturn[39;00m processor([38;5;28mstr[39m(full_path), action, [38;5;28mself[39m)

[36mFile [39m[32m~/work/geost/geost/.pixi/envs/default/lib/python3.13/site-packages/pooch/core.py:808[39m, in [36mstream_download[39m[34m(url, fname, known_hash, downloader, pooch, retry_if_failed)[39m
[32m    806[39m [38;5;28;01mwith[39;00m temporary_file(path=[38;5;28mstr[39m(fname.parent)) [38;5;28;01mas[39;00m tmp:
[32m    807[39m     downloader(url, tmp, pooch)
[32m--> [39m[32m808[39m     [43mhash_matches[49m[43m([49m[43mtmp[49m[43m,[49m[43m [49m[43mknown_hash[49m[43m,[49m[43m [49m[43mstrict[49m[43m=[49m[38;5;28;43;01mTrue[39;49;00m[43m,[49m[43m [49m[43msource[49m[43m=[49m[38;5;28;43mstr[39;49m[43m([49m[43mfname[49m[43m.[49m[43mname[49m[43m)[49m[43m)[49m
[32m    809[39m     shutil.move(tmp, [38;5;28mstr[39m(fname))
[32m    810[39m [38;5;28;01mbreak[39;00m

[36mFile [39m[32m~/work/geost/geost/.pixi/envs/default/lib/python3.13/site-packages/pooch/hashes.py:176[39m, in [36mhash_matches[39m[34m(fname, known_hash, strict, source)[39m
[32m    174[39m     [38;5;28;01mif[39;00m source [38;5;129;01mis[39;00m [38;5;28;01mNone[39;00m:
[32m    175[39m         source = [38;5;28mstr[39m(fname)
[32m--> [39m[32m176[39m     [38;5;28;01mraise[39;00m [38;5;167;01mValueError[39;00m(
[32m    177[39m         [33mf[39m[33m"[39m[38;5;132;01m{[39;00malgorithm.upper()[38;5;132;01m}[39;00m[33m hash of downloaded file ([39m[38;5;132;01m{[39;00msource[38;5;132;01m}[39;00m[33m) does not match[39m[33m"[39m
[32m    178[39m         [33mf[39m[33m"[39m[33m the known hash: expected [39m[38;5;132;01m{[39;00mknown_hash[38;5;132;01m}[39;00m[33m but got [39m[38;5;132;01m{[39;00mnew_hash[38;5;132;01m}[39;00m[33m. Deleted[39m[33m"[39m
[32m    179[39m         [33m"[39m[33m download for safety. The downloaded file may have been corrupted or[39m[33m"[39m
[32m    180[39m         [33m"[39m[33m the known hash may be outdated.[39m[33m"[39m
[32m    181[39m     )
[32m    182[39m [38;5;28;01mreturn[39;00m matches

[31mValueError[39m: SHA256 hash of downloaded file (cpts_usp.parquet) does not match the known hash: expected 055af5d9b71726d7c983bd5f9d686cb4ccb6cea2ae82412d2d997cd5ea6d4410 but got 1231878f18c5a3c7292de10f27e3eadf222a78a56453560aa0662b6276161567. Deleted download for safety. The downloaded file may have been corrupted or the known hash may be outdated.

